[debug] [2025-04-26T15:38:22.342Z] ----------------------------------------------------------------------
[debug] [2025-04-26T15:38:22.346Z] Command:       C:\Program Files\nodejs\node.exe C:\Users\SWAYAM\AppData\Roaming\npm\node_modules\firebase-tools\lib\bin\firebase.js init
[debug] [2025-04-26T15:38:22.347Z] CLI Version:   14.2.1
[debug] [2025-04-26T15:38:22.347Z] Platform:      win32
[debug] [2025-04-26T15:38:22.347Z] Node Version:  v20.14.0
[debug] [2025-04-26T15:38:22.347Z] Time:          Sat Apr 26 2025 21:08:22 GMT+0530 (India Standard Time)
[debug] [2025-04-26T15:38:22.348Z] ----------------------------------------------------------------------
[debug] 
[debug] [2025-04-26T15:38:22.358Z] > command requires scopes: ["email","openid","https://www.googleapis.com/auth/cloudplatformprojects.readonly","https://www.googleapis.com/auth/firebase","https://www.googleapis.com/auth/cloud-platform"]
[debug] [2025-04-26T15:38:22.359Z] > authorizing via signed-in user (swayamv259@gmail.com)
[info] 
     ######## #### ########  ######## ########     ###     ######  ########
     ##        ##  ##     ## ##       ##     ##  ##   ##  ##       ##
     ######    ##  ########  ######   ########  #########  ######  ######
     ##        ##  ##    ##  ##       ##     ## ##     ##       ## ##
     ##       #### ##     ## ######## ########  ##     ##  ######  ########

You're about to initialize a Firebase project in this directory:

  D:\crazy.com

[info] 
=== Project Setup
[info] 
[info] First, let's associate this project directory with a Firebase project.
[info] You can create multiple project aliases by running firebase use --add, 
[info] but for now we'll just set up a default project.
[info] 
[debug] [2025-04-26T15:39:06.820Z] Checked if tokens are valid: false, expires at: 1738584741694
[debug] [2025-04-26T15:39:06.820Z] Checked if tokens are valid: false, expires at: 1738584741694
[debug] [2025-04-26T15:39:06.821Z] > refreshing access token with scopes: []
[debug] [2025-04-26T15:39:06.824Z] >>> [apiv2][query] POST https://www.googleapis.com/oauth2/v3/token [none]
[debug] [2025-04-26T15:39:06.824Z] >>> [apiv2][body] POST https://www.googleapis.com/oauth2/v3/token [omitted]
[debug] [2025-04-26T15:39:07.511Z] <<< [apiv2][status] POST https://www.googleapis.com/oauth2/v3/token 200
[debug] [2025-04-26T15:39:07.511Z] <<< [apiv2][body] POST https://www.googleapis.com/oauth2/v3/token [omitted]
[debug] [2025-04-26T15:39:07.528Z] >>> [apiv2][query] GET https://firebase.googleapis.com/v1beta1/projects pageSize=100
[debug] [2025-04-26T15:39:08.682Z] <<< [apiv2][status] GET https://firebase.googleapis.com/v1beta1/projects 200
[debug] [2025-04-26T15:39:08.683Z] <<< [apiv2][body] GET https://firebase.googleapis.com/v1beta1/projects [omitted]
[info] i  Using project redstore-11080 (redstore) 
[info] 
=== Apphosting Setup
[debug] [2025-04-26T15:39:16.092Z] Checked if tokens are valid: true, expires at: 1745685546512
[debug] [2025-04-26T15:39:16.092Z] Checked if tokens are valid: true, expires at: 1745685546512
[debug] [2025-04-26T15:39:16.092Z] >>> [apiv2][query] GET https://cloudbilling.googleapis.com/v1/projects/redstore-11080/billingInfo [none]
[debug] [2025-04-26T15:39:18.078Z] <<< [apiv2][status] GET https://cloudbilling.googleapis.com/v1/projects/redstore-11080/billingInfo 200
[debug] [2025-04-26T15:39:18.079Z] <<< [apiv2][body] GET https://cloudbilling.googleapis.com/v1/projects/redstore-11080/billingInfo {"name":"projects/redstore-11080/billingInfo","projectId":"redstore-11080","billingAccountName":"","billingEnabled":false}
[info] i  Writing default settings to apphosting.yaml... 
[info] +  Wrote apphosting.yaml 
[info] +  Create a new App Hosting backend with `firebase apphosting:backends:create` 
[info] 
=== Hosting Setup
[debug] [2025-04-26T15:39:18.086Z] Checked if tokens are valid: true, expires at: 1745685546512
[debug] [2025-04-26T15:39:18.087Z] Checked if tokens are valid: true, expires at: 1745685546512
[debug] [2025-04-26T15:39:18.087Z] >>> [apiv2][query] GET https://firebase.googleapis.com/v1beta1/projects/redstore-11080 [none]
[debug] [2025-04-26T15:39:19.197Z] <<< [apiv2][status] GET https://firebase.googleapis.com/v1beta1/projects/redstore-11080 200
[debug] [2025-04-26T15:39:19.198Z] <<< [apiv2][body] GET https://firebase.googleapis.com/v1beta1/projects/redstore-11080 {"projectId":"redstore-11080","projectNumber":"869693841848","displayName":"redstore","name":"projects/redstore-11080","resources":{"hostingSite":"redstore-11080"},"state":"ACTIVE","etag":"1_e1d198bc-f1e1-41da-bf0e-e38c9f0ef283"}
[info] 
[info] Your public directory is the folder (relative to your project directory) that
[info] will contain Hosting assets to be uploaded with firebase deploy. If you
[info] have a build process for your assets, use your build's output directory.
[info] 
[debug] [2025-04-26T15:39:52.367Z] >>> [apiv2][query] GET https://www.gstatic.com/firebasejs/releases.json [none]
[debug] [2025-04-26T15:39:53.087Z] <<< [apiv2][status] GET https://www.gstatic.com/firebasejs/releases.json 200
[debug] [2025-04-26T15:39:53.087Z] <<< [apiv2][body] GET https://www.gstatic.com/firebasejs/releases.json {"current":{"version":"11.6.1","browserURL":"https://www.gstatic.com/firebasejs/11.6.1/firebase.js","packageURL":"https://www.gstatic.com/firebasejs/11.6.1/firebase.tgz"},"live":{"version":"11.6","browserURL":"https://www.gstatic.com/firebasejs/live/11.6/firebase.js","packageURL":"https://www.gstatic.com/firebasejs/live/11.6/firebase.tgz"},"components":{"analytics":"https://www.gstatic.com/firebasejs/11.6.1/firebase-analytics.js","app":"https://www.gstatic.com/firebasejs/11.6.1/firebase-app.js","app-check":"https://www.gstatic.com/firebasejs/11.6.1/firebase-app-check.js","auth":"https://www.gstatic.com/firebasejs/11.6.1/firebase-auth.js","auth/cordova":"https://www.gstatic.com/firebasejs/11.6.1/firebase-auth/cordova.js","auth/web-extension":"https://www.gstatic.com/firebasejs/11.6.1/firebase-auth/web-extension.js","functions":"https://www.gstatic.com/firebasejs/11.6.1/firebase-functions.js","firestore":"https://www.gstatic.com/firebasejs/11.6.1/firebase-firestore.js","firestore/lite":"https://www.gstatic.com/firebasejs/11.6.1/firebase-firestore/lite.js","installations":"https://www.gstatic.com/firebasejs/11.6.1/firebase-installations.js","storage":"https://www.gstatic.com/firebasejs/11.6.1/firebase-storage.js","performance":"https://www.gstatic.com/firebasejs/11.6.1/firebase-performance.js","remote-config":"https://www.gstatic.com/firebasejs/11.6.1/firebase-remote-config.js","messaging":"https://www.gstatic.com/firebasejs/11.6.1/firebase-messaging.js","messaging/sw":"https://www.gstatic.com/firebasejs/11.6.1/firebase-messaging/sw.js","database":"https://www.gstatic.com/firebasejs/11.6.1/firebase-database.js","vertexai":"https://www.gstatic.com/firebasejs/11.6.1/firebase-vertexai.js","data-connect":"https://www.gstatic.com/firebasejs/11.6.1/firebase-data-connect.js","firestore.memory":"https://www.gstatic.com/firebasejs/11.6.1/firebase-firestore.memory.js"}}
[info] +  Wrote public/index.html 
[info] 
[info] i  Detected a .git folder at D:\crazy.com 
[info] i  Authorizing with GitHub to upload your service account to a GitHub repository's secrets store. 
[info] 
[info] Visit this URL on this device to log in:
[info] https://github.com/login/oauth/authorize?client_id=89cf50f02ac6aaed3484&state=182939559&redirect_uri=http%3A%2F%2Flocalhost%3A9005&scope=read%3Auser%20repo%20public_repo
[info] 
[info] Waiting for authentication...
